This is pdfTeX, Version 3.1415926-1.40.10 (TeX Live 2009/Debian) (format=pdflatex 2012.8.22)  26 AUG 2012 21:48
entering extended mode
 %&-line parsing enabled.
**mike_wilcox_resume
(./mike_wilcox_resume.tex
LaTeX2e <2009/09/24>
Babel <v3.8l> and hyphenation patterns for english, usenglishmax, dumylang, noh
yphenation, loaded.
(./resume.cls
Document Class: resume 1997/02/07 v1.1 resume class
(/usr/share/texmf-texlive/tex/latex/base/article.cls
Document Class: article 2007/10/19 v1.4h Standard LaTeX document class
(/usr/share/texmf-texlive/tex/latex/base/size10.clo
File: size10.clo 2007/10/19 v1.4h Standard LaTeX file (size option)
)
\c@part=\count79
\c@section=\count80
\c@subsection=\count81
\c@subsubsection=\count82
\c@paragraph=\count83
\c@subparagraph=\count84
\c@figure=\count85
\c@table=\count86
\abovecaptionskip=\skip41
\belowcaptionskip=\skip42
\bibindent=\dimen102
)
\titlewidth=\skip43
\addresswidth=\skip44
) (./tabto.sty
\CurrentLineWidth=\dimen103
)
(./hyphenat.sty
Package: hyphenat 2009/09/02 v2.3c hyphenation utilities
\langwohyphens=\language4
LaTeX Info: Redefining \_ on input line 43.
) (/usr/share/texmf-texlive/tex/latex/amsfonts/amssymb.sty
Package: amssymb 2009/06/22 v3.00

(/usr/share/texmf-texlive/tex/latex/amsfonts/amsfonts.sty
Package: amsfonts 2009/06/22 v3.00 Basic AMSFonts support
\@emptytoks=\toks14
\symAMSa=\mathgroup4
\symAMSb=\mathgroup5
LaTeX Font Info:    Overwriting math alphabet `\mathfrak' in version `bold'
(Font)                  U/euf/m/n --> U/euf/b/n on input line 96.
))
(/usr/share/texmf-texlive/tex/latex/ltxmisc/url.sty
\Urlmuskip=\muskip10
Package: url 2006/04/12  ver 3.3  Verb mode for urls, etc.
) (./mike_wilcox_resume.aux)
\openout1 = `mike_wilcox_resume.aux'.

LaTeX Font Info:    Checking defaults for OML/cmm/m/it on input line 49.
LaTeX Font Info:    ... okay on input line 49.
LaTeX Font Info:    Checking defaults for T1/cmr/m/n on input line 49.
LaTeX Font Info:    ... okay on input line 49.
LaTeX Font Info:    Checking defaults for OT1/cmr/m/n on input line 49.
LaTeX Font Info:    ... okay on input line 49.
LaTeX Font Info:    Checking defaults for OMS/cmsy/m/n on input line 49.
LaTeX Font Info:    ... okay on input line 49.
LaTeX Font Info:    Checking defaults for OMX/cmex/m/n on input line 49.
LaTeX Font Info:    ... okay on input line 49.
LaTeX Font Info:    Checking defaults for U/cmr/m/n on input line 49.
LaTeX Font Info:    ... okay on input line 49.
LaTeX Font Info:    Try loading font information for U+msa on input line 50.
(/usr/share/texmf-texlive/tex/latex/amsfonts/umsa.fd
File: umsa.fd 2009/06/22 v3.00 AMS symbols A
)
LaTeX Font Info:    Try loading font information for U+msb on input line 50.

(/usr/share/texmf-texlive/tex/latex/amsfonts/umsb.fd
File: umsb.fd 2009/06/22 v3.00 AMS symbols B
)
Overfull \hbox (272.25728pt too wide) in paragraph at lines 50--50
| \OT1/cmr/m/n/10 mwilcox56@gmail.com  
 []


Overfull \hbox (272.06668pt too wide) in paragraph at lines 50--50
| \OT1/cmr/m/n/10 http://mikewilcox.nfshost.com  
 []


Underfull \hbox (badness 10000) in paragraph at lines 71--73

 []


Overfull \hbox (9.65979pt too wide) in paragraph at lines 76--78
[]\OT1/cmr/m/n/10 Artificial In-tel-li-gence (cur-rent), Com-puter Ar-chi-tec-t
ure, Prin-ci-ples of Database Man-age-ment,
 []


Overfull \hbox (7.35423pt too wide) in paragraph at lines 76--78
\OT1/cmr/m/n/10 Data Struc-tures, De-sign and Anal-y-sis of Com-puter Al-go-rit
hms (cur-rent), Dis-crete Struc-tures
 []


Overfull \hbox (5.9654pt too wide) in paragraph at lines 76--78
\OT1/cmr/m/n/10 I, Dis-crete Struc-tures II, In-ter-net Tech-nol-ogy, In-tro-du
c-tory Java Pro-gram-ming, In-tro-duc-tion
 []


Overfull \hbox (2.93771pt too wide) in paragraph at lines 76--78
\OT1/cmr/m/n/10 Cal-cu-lus, Pro-gram-ming Prin-ci-ples, Soft-ware Method-ol-ogy
 (cur-rent), Sys-tems Pro-gram-ming
 []


Underfull \hbox (badness 10000) in paragraph at lines 76--78

 []


Overfull \hbox (5.73384pt too wide) in paragraph at lines 81--84
\OT1/cmr/m/n/10 Custom Word-press De-vel-op-ment. In-te-grated client de-vel-op
-ment re-quire-ments into a friendly
 []


Underfull \hbox (badness 10000) in paragraph at lines 109--111

 []

[1

{/var/lib/texmf/fonts/map/pdftex/updmap/pdftex.map}]
Underfull \hbox (badness 10000) in paragraph at lines 111--113

 []

[2] (./mike_wilcox_resume.aux) ) 
Here is how much of TeX's memory you used:
 668 strings out of 495061
 7349 string characters out of 1182621
 56016 words of memory out of 3000000
 3891 multiletter control sequences out of 15000+50000
 7074 words of font info for 28 fonts, out of 3000000 for 9000
 28 hyphenation exceptions out of 8191
 29i,4n,24p,481b,174s stack positions out of 5000i,500n,10000p,200000b,50000s
</usr/share/texmf-texlive/fonts/type1/public/am
sfonts/cm/cmbx10.pfb></usr/share/texmf-texlive/fonts/type1/public/amsfonts/cm/c
mbx12.pfb></usr/share/texmf-texlive/fonts/type1/public/amsfonts/cm/cmcsc10.pfb>
</usr/share/texmf-texlive/fonts/type1/public/amsfonts/cm/cmr10.pfb></usr/share/
texmf-texlive/fonts/type1/public/amsfonts/cm/cmr7.pfb></usr/share/texmf-texlive
/fonts/type1/public/amsfonts/cm/cmsl10.pfb></usr/share/texmf-texlive/fonts/type
1/public/amsfonts/cm/cmtt9.pfb></usr/share/texmf-texlive/fonts/type1/public/ams
fonts/symbols/msam10.pfb>
Output written on mike_wilcox_resume.pdf (2 pages, 106032 bytes).
PDF statistics:
 41 PDF objects out of 1000 (max. 8388607)
 0 named destinations out of 1000 (max. 500000)
 1 words of extra memory for PDF output out of 10000 (max. 10000000)

